[36m[apify.instagram-profile-scraper runId:xiB2tqhbtl20flgH0][0m -> Status: RUNNING, Message: 
[36m[apify.instagram-profile-scraper runId:xiB2tqhbtl20flgH0][0m -> 2026-03-13T00:00:03.334Z ACTOR: Pulling container image of build Gkn0EdD6ieHL4JDPP from registry.
[36m[apify.instagram-profile-scraper runId:xiB2tqhbtl20flgH0][0m -> 2026-03-13T00:00:03.355Z ACTOR: Creating container.
[36m[apify.instagram-profile-scraper runId:xiB2tqhbtl20flgH0][0m -> 2026-03-13T00:00:10.919Z ACTOR: Starting container.
[36m[apify.instagram-profile-scraper runId:xiB2tqhbtl20flgH0][0m -> 2026-03-13T00:00:10.942Z ACTOR: Running under "LIMITED_PERMISSIONS" permission level.
[36m[apify.instagram-profile-scraper runId:xiB2tqhbtl20flgH0][0m -> 2026-03-13T00:00:11.793Z [32mINFO[39m  System info[90m {"apifyVersion":"3.6.0","apifyClientVersion":"2.22.2","crawleeVersion":"3.16.0","osType":"Linux","nodeVersion":"v22.22.0"}[39m
[36m[apify.instagram-profile-scraper runId:xiB2tqhbtl20flgH0][0m -> 2026-03-13T00:00:12.016Z [32mINFO[39m  Results Limit [object Object], ACTOR_MAX_PAID_DATASET_ITEMS
[36m[apify.instagram-profile-scraper runId:xiB2tqhbtl20flgH0][0m -> Status: RUNNING, Message: Starting the scraper with 1 direct URL(s)
[36m[apify.instagram-profile-scraper runId:xiB2tqhbtl20flgH0][0m -> 2026-03-13T00:00:12.039Z [32mINFO[39m  [Status message]: Starting the scraper with 1 direct URL(s)
[36m[apify.instagram-profile-scraper runId:xiB2tqhbtl20flgH0][0m -> Status: RUNNING, Message: Starting the crawler.
[36m[apify.instagram-profile-scraper runId:xiB2tqhbtl20flgH0][0m -> 2026-03-13T00:00:12.212Z [32mINFO[39m [33m CheerioCrawler:[39m Starting the crawler.
[36m[apify.instagram-profile-scraper runId:xiB2tqhbtl20flgH0][0m -> 2026-03-13T00:00:15.523Z [32mINFO[39m [33m CheerioCrawler:[39m All requests from the queue have been processed, the crawler will shut down.
[36m[apify.instagram-profile-scraper runId:xiB2tqhbtl20flgH0][0m -> 2026-03-13T00:00:15.630Z [32mINFO[39m [33m CheerioCrawler:[39m Final request statistics:[90m {"requestsFinished":1,"requestsFailed":0,"retryHistogram":[1],"requestAvgFailedDurationMillis":null,"requestAvgFinishedDurationMillis":3307,"requestsFinishedPerMinute":17,"requestsFailedPerMinute":0,"requestTotalDurationMillis":3307,"requestsTotal":1,"crawlerRuntimeMillis":3570}[39m
[36m[apify.instagram-profile-scraper runId:xiB2tqhbtl20flgH0][0m -> 2026-03-13T00:00:15.632Z [32mINFO[39m [33m CheerioCrawler:[39m Finished! Total 1 requests: 1 succeeded, 0 failed.[90m {"terminal":true}[39m
[36m[apify.instagram-profile-scraper runId:xiB2tqhbtl20flgH0][0m -> 2026-03-13T00:00:15.633Z [32mINFO[39m  [Status message]: Scraper finished
[36m[apify.instagram-profile-scraper runId:xiB2tqhbtl20flgH0][0m -> Status: SUCCEEDED, Message: Finished! Total 1 requests: 1 succeeded, 0 failed.
[2026-03-13 08:00:01] ==================================================
[2026-03-13 08:00:01] 開始 wifevivi_ 自動更新流程
[2026-03-13 08:00:01] ==================================================
[2026-03-13 08:00:01] 已載入資料，目前分析 1 篇貼文
[2026-03-13 08:00:01] 使用 Apify 檢查 wifevivi_ 的新貼文...
[2026-03-13 08:00:22] 找到 1 篇新貼文
[2026-03-13 08:00:22] 發現 1 篇新貼文，開始處理...
[2026-03-13 08:00:22] 部署到 GitHub Pages...
[2026-03-13 08:00:23] ✅ 部署成功
[2026-03-13 08:00:23] ==================================================
[2026-03-13 08:00:23] 更新流程完成
[2026-03-13 08:00:23] ==================================================
[36m[apify.instagram-profile-scraper runId:GfaOiVvdUv0t8XI6C][0m -> Status: RUNNING, Message: 
[36m[apify.instagram-profile-scraper runId:GfaOiVvdUv0t8XI6C][0m -> 2026-03-14T00:00:02.681Z ACTOR: Pulling container image of build Gkn0EdD6ieHL4JDPP from registry.
[36m[apify.instagram-profile-scraper runId:GfaOiVvdUv0t8XI6C][0m -> 2026-03-14T00:00:02.684Z ACTOR: Creating container.
[36m[apify.instagram-profile-scraper runId:GfaOiVvdUv0t8XI6C][0m -> 2026-03-14T00:00:02.875Z ACTOR: Starting container.
[36m[apify.instagram-profile-scraper runId:GfaOiVvdUv0t8XI6C][0m -> 2026-03-14T00:00:02.876Z ACTOR: Running under "LIMITED_PERMISSIONS" permission level.
[36m[apify.instagram-profile-scraper runId:GfaOiVvdUv0t8XI6C][0m -> 2026-03-14T00:00:03.694Z [32mINFO[39m  System info[90m {"apifyVersion":"3.6.0","apifyClientVersion":"2.22.2","crawleeVersion":"3.16.0","osType":"Linux","nodeVersion":"v22.22.0"}[39m
[36m[apify.instagram-profile-scraper runId:GfaOiVvdUv0t8XI6C][0m -> 2026-03-14T00:00:03.891Z [32mINFO[39m  Results Limit [object Object], ACTOR_MAX_PAID_DATASET_ITEMS
[36m[apify.instagram-profile-scraper runId:GfaOiVvdUv0t8XI6C][0m -> 2026-03-14T00:00:03.898Z [32mINFO[39m  [Status message]: Starting the scraper with 1 direct URL(s)
[36m[apify.instagram-profile-scraper runId:GfaOiVvdUv0t8XI6C][0m -> Status: RUNNING, Message: Starting the crawler.
[36m[apify.instagram-profile-scraper runId:GfaOiVvdUv0t8XI6C][0m -> 2026-03-14T00:00:04.044Z [32mINFO[39m [33m CheerioCrawler:[39m Starting the crawler.
[36m[apify.instagram-profile-scraper runId:GfaOiVvdUv0t8XI6C][0m -> 2026-03-14T00:00:07.055Z [32mINFO[39m [33m CheerioCrawler:[39m All requests from the queue have been processed, the crawler will shut down.
[36m[apify.instagram-profile-scraper runId:GfaOiVvdUv0t8XI6C][0m -> 2026-03-14T00:00:07.233Z [32mINFO[39m [33m CheerioCrawler:[39m Final request statistics:[90m {"requestsFinished":1,"requestsFailed":0,"retryHistogram":[1],"requestAvgFailedDurationMillis":null,"requestAvgFinishedDurationMillis":3002,"requestsFinishedPerMinute":18,"requestsFailedPerMinute":0,"requestTotalDurationMillis":3002,"requestsTotal":1,"crawlerRuntimeMillis":3318}[39m
[36m[apify.instagram-profile-scraper runId:GfaOiVvdUv0t8XI6C][0m -> 2026-03-14T00:00:07.234Z [32mINFO[39m [33m CheerioCrawler:[39m Finished! Total 1 requests: 1 succeeded, 0 failed.[90m {"terminal":true}[39m
[36m[apify.instagram-profile-scraper runId:GfaOiVvdUv0t8XI6C][0m -> 2026-03-14T00:00:07.236Z [32mINFO[39m  [Status message]: Scraper finished
[36m[apify.instagram-profile-scraper runId:GfaOiVvdUv0t8XI6C][0m -> Status: RUNNING, Message: Finished! Total 1 requests: 1 succeeded, 0 failed.
[2026-03-14 08:00:01] ==================================================
[2026-03-14 08:00:01] 開始 wifevivi_ 自動更新流程
[2026-03-14 08:00:01] ==================================================
[2026-03-14 08:00:01] 已載入資料，目前分析 1 篇貼文
[2026-03-14 08:00:01] 使用 Apify 檢查 wifevivi_ 的新貼文...
[2026-03-14 08:00:14] 找到 1 篇新貼文
[2026-03-14 08:00:14] 發現 1 篇新貼文，開始處理...
[2026-03-14 08:00:14] 部署到 GitHub Pages...
[2026-03-14 08:00:15] ✅ 部署成功
[2026-03-14 08:00:15] ==================================================
[2026-03-14 08:00:15] 更新流程完成
[2026-03-14 08:00:15] ==================================================
[36m[apify.instagram-profile-scraper runId:r60yIUzdUaHbAIGkN][0m -> Status: RUNNING, Message: Starting the scraper with 1 direct URL(s)
[36m[apify.instagram-profile-scraper runId:r60yIUzdUaHbAIGkN][0m -> 2026-03-15T00:00:02.626Z ACTOR: Pulling container image of build Gkn0EdD6ieHL4JDPP from registry.
[36m[apify.instagram-profile-scraper runId:r60yIUzdUaHbAIGkN][0m -> 2026-03-15T00:00:02.629Z ACTOR: Creating container.
[36m[apify.instagram-profile-scraper runId:r60yIUzdUaHbAIGkN][0m -> 2026-03-15T00:00:02.787Z ACTOR: Starting container.
[36m[apify.instagram-profile-scraper runId:r60yIUzdUaHbAIGkN][0m -> 2026-03-15T00:00:02.789Z ACTOR: Running under "LIMITED_PERMISSIONS" permission level.
[36m[apify.instagram-profile-scraper runId:r60yIUzdUaHbAIGkN][0m -> 2026-03-15T00:00:03.391Z [32mINFO[39m  System info[90m {"apifyVersion":"3.6.0","apifyClientVersion":"2.22.2","crawleeVersion":"3.16.0","osType":"Linux","nodeVersion":"v22.22.0"}[39m
[36m[apify.instagram-profile-scraper runId:r60yIUzdUaHbAIGkN][0m -> 2026-03-15T00:00:03.535Z [32mINFO[39m  Results Limit [object Object], ACTOR_MAX_PAID_DATASET_ITEMS
[36m[apify.instagram-profile-scraper runId:r60yIUzdUaHbAIGkN][0m -> 2026-03-15T00:00:03.543Z [32mINFO[39m  [Status message]: Starting the scraper with 1 direct URL(s)
[36m[apify.instagram-profile-scraper runId:r60yIUzdUaHbAIGkN][0m -> Status: RUNNING, Message: Starting the crawler.
[36m[apify.instagram-profile-scraper runId:r60yIUzdUaHbAIGkN][0m -> 2026-03-15T00:00:03.629Z [32mINFO[39m [33m CheerioCrawler:[39m Starting the crawler.
[36m[apify.instagram-profile-scraper runId:r60yIUzdUaHbAIGkN][0m -> 2026-03-15T00:00:07.800Z [32mINFO[39m [33m CheerioCrawler:[39m All requests from the queue have been processed, the crawler will shut down.
[36m[apify.instagram-profile-scraper runId:r60yIUzdUaHbAIGkN][0m -> 2026-03-15T00:00:07.966Z [32mINFO[39m [33m CheerioCrawler:[39m Final request statistics:[90m {"requestsFinished":1,"requestsFailed":0,"retryHistogram":[1],"requestAvgFailedDurationMillis":null,"requestAvgFinishedDurationMillis":4161,"requestsFinishedPerMinute":14,"requestsFailedPerMinute":0,"requestTotalDurationMillis":4161,"requestsTotal":1,"crawlerRuntimeMillis":4397}[39m
[36m[apify.instagram-profile-scraper runId:r60yIUzdUaHbAIGkN][0m -> 2026-03-15T00:00:07.969Z [32mINFO[39m [33m CheerioCrawler:[39m Finished! Total 1 requests: 1 succeeded, 0 failed.[90m {"terminal":true}[39m
[36m[apify.instagram-profile-scraper runId:r60yIUzdUaHbAIGkN][0m -> 2026-03-15T00:00:07.971Z [32mINFO[39m  [Status message]: Scraper finished
[36m[apify.instagram-profile-scraper runId:r60yIUzdUaHbAIGkN][0m -> Status: SUCCEEDED, Message: Finished! Total 1 requests: 1 succeeded, 0 failed.
[2026-03-15 08:00:01] ==================================================
[2026-03-15 08:00:01] 開始 wifevivi_ 自動更新流程
[2026-03-15 08:00:01] ==================================================
[2026-03-15 08:00:01] 已載入資料，目前分析 1 篇貼文
[2026-03-15 08:00:01] 使用 Apify 檢查 wifevivi_ 的新貼文...
[2026-03-15 08:00:15] 找到 1 篇新貼文
[2026-03-15 08:00:15] 發現 1 篇新貼文，開始處理...
[2026-03-15 08:00:15] 部署到 GitHub Pages...
[2026-03-15 08:00:16] ✅ 部署成功
[2026-03-15 08:00:16] ==================================================
[2026-03-15 08:00:16] 更新流程完成
[2026-03-15 08:00:16] ==================================================
[36m[apify.instagram-profile-scraper runId:C6ujdItzy0iUEcPgh][0m -> Status: RUNNING, Message: 
[36m[apify.instagram-profile-scraper runId:C6ujdItzy0iUEcPgh][0m -> 2026-03-16T00:00:03.316Z ACTOR: Pulling container image of build Gkn0EdD6ieHL4JDPP from registry.
[36m[apify.instagram-profile-scraper runId:C6ujdItzy0iUEcPgh][0m -> 2026-03-16T00:00:03.317Z ACTOR: Creating container.
[36m[apify.instagram-profile-scraper runId:C6ujdItzy0iUEcPgh][0m -> 2026-03-16T00:00:03.527Z ACTOR: Starting container.
[36m[apify.instagram-profile-scraper runId:C6ujdItzy0iUEcPgh][0m -> 2026-03-16T00:00:03.529Z ACTOR: Running under "LIMITED_PERMISSIONS" permission level.
[36m[apify.instagram-profile-scraper runId:C6ujdItzy0iUEcPgh][0m -> 2026-03-16T00:00:04.702Z [32mINFO[39m  System info[90m {"apifyVersion":"3.6.0","apifyClientVersion":"2.22.2","crawleeVersion":"3.16.0","osType":"Linux","nodeVersion":"v22.22.0"}[39m
[36m[apify.instagram-profile-scraper runId:C6ujdItzy0iUEcPgh][0m -> 2026-03-16T00:00:06.096Z [32mINFO[39m  Results Limit [object Object], ACTOR_MAX_PAID_DATASET_ITEMS
[36m[apify.instagram-profile-scraper runId:C6ujdItzy0iUEcPgh][0m -> 2026-03-16T00:00:06.101Z [32mINFO[39m  [Status message]: Starting the scraper with 1 direct URL(s)
[36m[apify.instagram-profile-scraper runId:C6ujdItzy0iUEcPgh][0m -> Status: RUNNING, Message: Starting the crawler.
[36m[apify.instagram-profile-scraper runId:C6ujdItzy0iUEcPgh][0m -> 2026-03-16T00:00:06.247Z [32mINFO[39m [33m CheerioCrawler:[39m Starting the crawler.
[36m[apify.instagram-profile-scraper runId:C6ujdItzy0iUEcPgh][0m -> 2026-03-16T00:00:11.538Z [32mINFO[39m [33m CheerioCrawler:[39m All requests from the queue have been processed, the crawler will shut down.
[36m[apify.instagram-profile-scraper runId:C6ujdItzy0iUEcPgh][0m -> 2026-03-16T00:00:11.729Z [32mINFO[39m [33m CheerioCrawler:[39m Final request statistics:[90m {"requestsFinished":1,"requestsFailed":0,"retryHistogram":[1],"requestAvgFailedDurationMillis":null,"requestAvgFinishedDurationMillis":5284,"requestsFinishedPerMinute":11,"requestsFailedPerMinute":0,"requestTotalDurationMillis":5284,"requestsTotal":1,"crawlerRuntimeMillis":5611}[39m
[36m[apify.instagram-profile-scraper runId:C6ujdItzy0iUEcPgh][0m -> 2026-03-16T00:00:11.730Z [32mINFO[39m [33m CheerioCrawler:[39m Finished! Total 1 requests: 1 succeeded, 0 failed.[90m {"terminal":true}[39m
[36m[apify.instagram-profile-scraper runId:C6ujdItzy0iUEcPgh][0m -> Status: RUNNING, Message: Scraper finished
[36m[apify.instagram-profile-scraper runId:C6ujdItzy0iUEcPgh][0m -> 2026-03-16T00:00:11.731Z [32mINFO[39m  [Status message]: Scraper finished
[36m[apify.instagram-profile-scraper runId:C6ujdItzy0iUEcPgh][0m -> Status: SUCCEEDED, Message: Scraper finished
[2026-03-16 08:00:01] ==================================================
[2026-03-16 08:00:01] 開始 wifevivi_ 自動更新流程
[2026-03-16 08:00:01] ==================================================
[2026-03-16 08:00:01] 已載入資料，目前分析 1 篇貼文
[2026-03-16 08:00:01] 使用 Apify 檢查 wifevivi_ 的新貼文...
[2026-03-16 08:00:26] 找到 1 篇新貼文
[2026-03-16 08:00:26] 發現 1 篇新貼文，開始處理...
[2026-03-16 08:00:26] 部署到 GitHub Pages...
[2026-03-16 08:00:27] ✅ 部署成功
[2026-03-16 08:00:27] ==================================================
[2026-03-16 08:00:27] 更新流程完成
[2026-03-16 08:00:27] ==================================================
[36m[apify.instagram-profile-scraper runId:0hUWYU3ng956P0Mmo][0m -> Status: RUNNING, Message: Starting the scraper with 1 direct URL(s)
[36m[apify.instagram-profile-scraper runId:0hUWYU3ng956P0Mmo][0m -> 2026-03-16T23:47:02.325Z ACTOR: Pulling container image of build rtPQxkgd39NQAmwUa from registry.
[36m[apify.instagram-profile-scraper runId:0hUWYU3ng956P0Mmo][0m -> 2026-03-16T23:47:02.327Z ACTOR: Creating container.
[36m[apify.instagram-profile-scraper runId:0hUWYU3ng956P0Mmo][0m -> 2026-03-16T23:47:02.370Z ACTOR: Starting container.
[36m[apify.instagram-profile-scraper runId:0hUWYU3ng956P0Mmo][0m -> 2026-03-16T23:47:02.371Z ACTOR: Running under "LIMITED_PERMISSIONS" permission level.
[36m[apify.instagram-profile-scraper runId:0hUWYU3ng956P0Mmo][0m -> 2026-03-16T23:47:03.008Z [32mINFO[39m  System info[90m {"apifyVersion":"3.6.0","apifyClientVersion":"2.22.2","crawleeVersion":"3.16.0","osType":"Linux","nodeVersion":"v22.22.1"}[39m
[36m[apify.instagram-profile-scraper runId:0hUWYU3ng956P0Mmo][0m -> 2026-03-16T23:47:03.148Z [32mINFO[39m  Results Limit [object Object], ACTOR_MAX_PAID_DATASET_ITEMS
[36m[apify.instagram-profile-scraper runId:0hUWYU3ng956P0Mmo][0m -> 2026-03-16T23:47:03.155Z [32mINFO[39m  [Status message]: Starting the scraper with 1 direct URL(s)
[36m[apify.instagram-profile-scraper runId:0hUWYU3ng956P0Mmo][0m -> Status: RUNNING, Message: Starting the crawler.
[36m[apify.instagram-profile-scraper runId:0hUWYU3ng956P0Mmo][0m -> 2026-03-16T23:47:03.220Z [32mINFO[39m [33m CheerioCrawler:[39m Starting the crawler.
[36m[apify.instagram-profile-scraper runId:0hUWYU3ng956P0Mmo][0m -> 2026-03-16T23:47:05.897Z [32mINFO[39m [33m CheerioCrawler:[39m All requests from the queue have been processed, the crawler will shut down.
[36m[apify.instagram-profile-scraper runId:0hUWYU3ng956P0Mmo][0m -> 2026-03-16T23:47:06.082Z [32mINFO[39m [33m CheerioCrawler:[39m Final request statistics:[90m {"requestsFinished":1,"requestsFailed":0,"retryHistogram":[1],"requestAvgFailedDurationMillis":null,"requestAvgFinishedDurationMillis":2670,"requestsFinishedPerMinute":21,"requestsFailedPerMinute":0,"requestTotalDurationMillis":2670,"requestsTotal":1,"crawlerRuntimeMillis":2913}[39m
[36m[apify.instagram-profile-scraper runId:0hUWYU3ng956P0Mmo][0m -> 2026-03-16T23:47:06.083Z [32mINFO[39m [33m CheerioCrawler:[39m Finished! Total 1 requests: 1 succeeded, 0 failed.[90m {"terminal":true}[39m
[36m[apify.instagram-profile-scraper runId:0hUWYU3ng956P0Mmo][0m -> 2026-03-16T23:47:06.083Z [32mINFO[39m  [Status message]: Scraper finished
[36m[apify.instagram-profile-scraper runId:0hUWYU3ng956P0Mmo][0m -> Status: SUCCEEDED, Message: Finished! Total 1 requests: 1 succeeded, 0 failed.
[2026-03-17 07:47:01] ==================================================
[2026-03-17 07:47:01] 開始 wifevivi_ 自動更新流程
[2026-03-17 07:47:01] ==================================================
[2026-03-17 07:47:01] 已載入資料，目前分析 1 篇貼文
[2026-03-17 07:47:01] 使用 Apify 檢查 wifevivi_ 的新貼文...
[2026-03-17 07:47:13] 找到 1 篇新貼文
[2026-03-17 07:47:13] 發現 1 篇新貼文，開始處理...
[2026-03-17 07:47:13] 部署到 GitHub Pages...
[2026-03-17 07:47:14] ✅ 部署成功
[2026-03-17 07:47:14] ==================================================
[2026-03-17 07:47:14] 更新流程完成
[2026-03-17 07:47:14] ==================================================
[36m[apify.instagram-profile-scraper runId:RK9SoeJ5bPJbyr3GB][0m -> Status: RUNNING, Message: 
[36m[apify.instagram-profile-scraper runId:RK9SoeJ5bPJbyr3GB][0m -> 2026-03-17T23:47:02.709Z ACTOR: Pulling container image of build L2Iu1PAH8Hz0aWhiC from registry.
[36m[apify.instagram-profile-scraper runId:RK9SoeJ5bPJbyr3GB][0m -> 2026-03-17T23:47:02.711Z ACTOR: Creating container.
[36m[apify.instagram-profile-scraper runId:RK9SoeJ5bPJbyr3GB][0m -> 2026-03-17T23:47:02.766Z ACTOR: Starting container.
[36m[apify.instagram-profile-scraper runId:RK9SoeJ5bPJbyr3GB][0m -> 2026-03-17T23:47:02.768Z ACTOR: Running under "LIMITED_PERMISSIONS" permission level.
[36m[apify.instagram-profile-scraper runId:RK9SoeJ5bPJbyr3GB][0m -> 2026-03-17T23:47:03.426Z [32mINFO[39m  System info[90m {"apifyVersion":"3.6.0","apifyClientVersion":"2.22.2","crawleeVersion":"3.16.0","osType":"Linux","nodeVersion":"v22.22.1"}[39m
[36m[apify.instagram-profile-scraper runId:RK9SoeJ5bPJbyr3GB][0m -> 2026-03-17T23:47:03.552Z [32mINFO[39m  Results Limit [object Object], ACTOR_MAX_PAID_DATASET_ITEMS
[36m[apify.instagram-profile-scraper runId:RK9SoeJ5bPJbyr3GB][0m -> 2026-03-17T23:47:03.557Z [32mINFO[39m  [Status message]: Starting the scraper with 1 direct URL(s)
[36m[apify.instagram-profile-scraper runId:RK9SoeJ5bPJbyr3GB][0m -> Status: RUNNING, Message: Starting the crawler.
[36m[apify.instagram-profile-scraper runId:RK9SoeJ5bPJbyr3GB][0m -> 2026-03-17T23:47:03.634Z [32mINFO[39m [33m CheerioCrawler:[39m Starting the crawler.
[36m[apify.instagram-profile-scraper runId:RK9SoeJ5bPJbyr3GB][0m -> 2026-03-17T23:47:10.316Z [32mINFO[39m [33m CheerioCrawler:[39m All requests from the queue have been processed, the crawler will shut down.
[36m[apify.instagram-profile-scraper runId:RK9SoeJ5bPJbyr3GB][0m -> 2026-03-17T23:47:10.423Z [32mINFO[39m [33m CheerioCrawler:[39m Final request statistics:[90m {"requestsFinished":1,"requestsFailed":0,"retryHistogram":[1],"requestAvgFailedDurationMillis":null,"requestAvgFinishedDurationMillis":6676,"requestsFinishedPerMinute":9,"requestsFailedPerMinute":0,"requestTotalDurationMillis":6676,"requestsTotal":1,"crawlerRuntimeMillis":6851}[39m
[36m[apify.instagram-profile-scraper runId:RK9SoeJ5bPJbyr3GB][0m -> 2026-03-17T23:47:10.424Z [32mINFO[39m [33m CheerioCrawler:[39m Finished! Total 1 requests: 1 succeeded, 0 failed.[90m {"terminal":true}[39m
[36m[apify.instagram-profile-scraper runId:RK9SoeJ5bPJbyr3GB][0m -> 2026-03-17T23:47:10.426Z [32mINFO[39m  [Status message]: Scraper finished
[36m[apify.instagram-profile-scraper runId:RK9SoeJ5bPJbyr3GB][0m -> Status: SUCCEEDED, Message: Finished! Total 1 requests: 1 succeeded, 0 failed.
[2026-03-18 07:47:01] ==================================================
[2026-03-18 07:47:01] 開始 wifevivi_ 自動更新流程
[2026-03-18 07:47:01] ==================================================
[2026-03-18 07:47:01] 已載入資料，目前分析 1 篇貼文
[2026-03-18 07:47:01] 使用 Apify 檢查 wifevivi_ 的新貼文...
[2026-03-18 07:47:17] 找到 1 篇新貼文
[2026-03-18 07:47:17] 發現 1 篇新貼文，開始處理...
[2026-03-18 07:47:17] 部署到 GitHub Pages...
[2026-03-18 07:47:18] ✅ 部署成功
[2026-03-18 07:47:18] ==================================================
[2026-03-18 07:47:18] 更新流程完成
[2026-03-18 07:47:18] ==================================================
[36m[apify.instagram-profile-scraper runId:IGxp5LENAviDIUu1l][0m -> Status: RUNNING, Message: 
[36m[apify.instagram-profile-scraper runId:IGxp5LENAviDIUu1l][0m -> 2026-03-18T23:47:02.956Z ACTOR: Pulling container image of build 0B1DJ01hnXdyWCeY0 from registry.
[36m[apify.instagram-profile-scraper runId:IGxp5LENAviDIUu1l][0m -> 2026-03-18T23:47:02.958Z ACTOR: Creating container.
[36m[apify.instagram-profile-scraper runId:IGxp5LENAviDIUu1l][0m -> 2026-03-18T23:47:03.242Z ACTOR: Starting container.
[36m[apify.instagram-profile-scraper runId:IGxp5LENAviDIUu1l][0m -> 2026-03-18T23:47:03.242Z ACTOR: Running under "LIMITED_PERMISSIONS" permission level.
[36m[apify.instagram-profile-scraper runId:IGxp5LENAviDIUu1l][0m -> 2026-03-18T23:47:03.936Z [32mINFO[39m  System info[90m {"apifyVersion":"3.6.0","apifyClientVersion":"2.22.2","crawleeVersion":"3.16.0","osType":"Linux","nodeVersion":"v22.22.1"}[39m
[36m[apify.instagram-profile-scraper runId:IGxp5LENAviDIUu1l][0m -> 2026-03-18T23:47:04.058Z [32mINFO[39m  Results Limit [object Object], ACTOR_MAX_PAID_DATASET_ITEMS
[36m[apify.instagram-profile-scraper runId:IGxp5LENAviDIUu1l][0m -> 2026-03-18T23:47:04.063Z [32mINFO[39m  [Status message]: Starting the scraper with 1 direct URL(s)
[36m[apify.instagram-profile-scraper runId:IGxp5LENAviDIUu1l][0m -> Status: RUNNING, Message: Starting the crawler.
[36m[apify.instagram-profile-scraper runId:IGxp5LENAviDIUu1l][0m -> 2026-03-18T23:47:04.141Z [32mINFO[39m [33m CheerioCrawler:[39m Starting the crawler.
[36m[apify.instagram-profile-scraper runId:IGxp5LENAviDIUu1l][0m -> 2026-03-18T23:47:07.176Z [32mINFO[39m [33m CheerioCrawler:[39m All requests from the queue have been processed, the crawler will shut down.
[36m[apify.instagram-profile-scraper runId:IGxp5LENAviDIUu1l][0m -> 2026-03-18T23:47:07.235Z [32mINFO[39m [33m CheerioCrawler:[39m Final request statistics:[90m {"requestsFinished":1,"requestsFailed":0,"retryHistogram":[1],"requestAvgFailedDurationMillis":null,"requestAvgFinishedDurationMillis":3026,"requestsFinishedPerMinute":19,"requestsFailedPerMinute":0,"requestTotalDurationMillis":3026,"requestsTotal":1,"crawlerRuntimeMillis":3160}[39m
[36m[apify.instagram-profile-scraper runId:IGxp5LENAviDIUu1l][0m -> 2026-03-18T23:47:07.236Z [32mINFO[39m [33m CheerioCrawler:[39m Finished! Total 1 requests: 1 succeeded, 0 failed.[90m {"terminal":true}[39m
[36m[apify.instagram-profile-scraper runId:IGxp5LENAviDIUu1l][0m -> 2026-03-18T23:47:07.236Z [32mINFO[39m  [Status message]: Scraper finished
[36m[apify.instagram-profile-scraper runId:IGxp5LENAviDIUu1l][0m -> Status: RUNNING, Message: Scraper finished
[36m[apify.instagram-profile-scraper runId:IGxp5LENAviDIUu1l][0m -> Status: SUCCEEDED, Message: Scraper finished
[2026-03-19 07:47:01] ==================================================
[2026-03-19 07:47:01] 開始 wifevivi_ 自動更新流程
[2026-03-19 07:47:01] ==================================================
[2026-03-19 07:47:01] 已載入資料，目前分析 1 篇貼文
[2026-03-19 07:47:01] 使用 Apify 檢查 wifevivi_ 的新貼文...
[2026-03-19 07:47:14] 找到 1 篇新貼文
[2026-03-19 07:47:14] 發現 1 篇新貼文，開始處理...
[2026-03-19 07:47:14] 部署到 GitHub Pages...
[2026-03-19 07:47:15] ✅ 部署成功
[2026-03-19 07:47:15] ==================================================
[2026-03-19 07:47:15] 更新流程完成
[2026-03-19 07:47:15] ==================================================
[36m[apify.instagram-profile-scraper runId:XesT9weiuff5IWL9L][0m -> Status: RUNNING, Message: Starting the scraper with 1 direct URL(s)
[36m[apify.instagram-profile-scraper runId:XesT9weiuff5IWL9L][0m -> 2026-03-19T23:47:03.015Z ACTOR: Pulling container image of build uOUioXZTuRtZupLz6 from registry.
[36m[apify.instagram-profile-scraper runId:XesT9weiuff5IWL9L][0m -> 2026-03-19T23:47:03.018Z ACTOR: Creating container.
[36m[apify.instagram-profile-scraper runId:XesT9weiuff5IWL9L][0m -> 2026-03-19T23:47:03.060Z ACTOR: Starting container.
[36m[apify.instagram-profile-scraper runId:XesT9weiuff5IWL9L][0m -> 2026-03-19T23:47:03.061Z ACTOR: Running under "LIMITED_PERMISSIONS" permission level.
[36m[apify.instagram-profile-scraper runId:XesT9weiuff5IWL9L][0m -> 2026-03-19T23:47:03.758Z [32mINFO[39m  System info[90m {"apifyVersion":"3.6.0","apifyClientVersion":"2.22.2","crawleeVersion":"3.16.0","osType":"Linux","nodeVersion":"v22.22.1"}[39m
[36m[apify.instagram-profile-scraper runId:XesT9weiuff5IWL9L][0m -> 2026-03-19T23:47:03.878Z [32mINFO[39m  Results Limit [object Object], ACTOR_MAX_PAID_DATASET_ITEMS
[36m[apify.instagram-profile-scraper runId:XesT9weiuff5IWL9L][0m -> 2026-03-19T23:47:03.882Z [32mINFO[39m  [Status message]: Starting the scraper with 1 direct URL(s)
[36m[apify.instagram-profile-scraper runId:XesT9weiuff5IWL9L][0m -> Status: RUNNING, Message: Starting the crawler.
[36m[apify.instagram-profile-scraper runId:XesT9weiuff5IWL9L][0m -> 2026-03-19T23:47:03.953Z [32mINFO[39m [33m CheerioCrawler:[39m Starting the crawler.
[36m[apify.instagram-profile-scraper runId:XesT9weiuff5IWL9L][0m -> 2026-03-19T23:47:07.244Z [32mINFO[39m [33m CheerioCrawler:[39m All requests from the queue have been processed, the crawler will shut down.
[36m[apify.instagram-profile-scraper runId:XesT9weiuff5IWL9L][0m -> 2026-03-19T23:47:07.360Z [32mINFO[39m [33m CheerioCrawler:[39m Final request statistics:[90m {"requestsFinished":1,"requestsFailed":0,"retryHistogram":[1],"requestAvgFailedDurationMillis":null,"requestAvgFinishedDurationMillis":3285,"requestsFinishedPerMinute":17,"requestsFailedPerMinute":0,"requestTotalDurationMillis":3285,"requestsTotal":1,"crawlerRuntimeMillis":3466}[39m
[36m[apify.instagram-profile-scraper runId:XesT9weiuff5IWL9L][0m -> 2026-03-19T23:47:07.361Z [32mINFO[39m [33m CheerioCrawler:[39m Finished! Total 1 requests: 1 succeeded, 0 failed.[90m {"terminal":true}[39m
[36m[apify.instagram-profile-scraper runId:XesT9weiuff5IWL9L][0m -> Status: RUNNING, Message: Finished! Total 1 requests: 1 succeeded, 0 failed.
[36m[apify.instagram-profile-scraper runId:XesT9weiuff5IWL9L][0m -> 2026-03-19T23:47:07.362Z [32mINFO[39m  [Status message]: Scraper finished
[2026-03-20 07:47:01] ==================================================
[2026-03-20 07:47:01] 開始 wifevivi_ 自動更新流程
[2026-03-20 07:47:01] ==================================================
[2026-03-20 07:47:01] 已載入資料，目前分析 1 篇貼文
[2026-03-20 07:47:01] 使用 Apify 檢查 wifevivi_ 的新貼文...
[2026-03-20 07:47:14] 找到 1 篇新貼文
[2026-03-20 07:47:14] 發現 1 篇新貼文，開始處理...
[2026-03-20 07:47:14] 部署到 GitHub Pages...
[2026-03-20 07:47:15] ✅ 部署成功
[2026-03-20 07:47:15] ==================================================
[2026-03-20 07:47:15] 更新流程完成
[2026-03-20 07:47:15] ==================================================
[36m[apify.instagram-profile-scraper runId:M86mwLkbhcJR8Kp5B][0m -> Status: RUNNING, Message: Starting the scraper with 1 direct URL(s)
[36m[apify.instagram-profile-scraper runId:M86mwLkbhcJR8Kp5B][0m -> 2026-03-20T23:47:03.051Z ACTOR: Pulling container image of build uOUioXZTuRtZupLz6 from registry.
[36m[apify.instagram-profile-scraper runId:M86mwLkbhcJR8Kp5B][0m -> 2026-03-20T23:47:03.053Z ACTOR: Creating container.
[36m[apify.instagram-profile-scraper runId:M86mwLkbhcJR8Kp5B][0m -> 2026-03-20T23:47:03.094Z ACTOR: Starting container.
[36m[apify.instagram-profile-scraper runId:M86mwLkbhcJR8Kp5B][0m -> 2026-03-20T23:47:03.096Z ACTOR: Running under "LIMITED_PERMISSIONS" permission level.
[36m[apify.instagram-profile-scraper runId:M86mwLkbhcJR8Kp5B][0m -> 2026-03-20T23:47:03.675Z [32mINFO[39m  System info[90m {"apifyVersion":"3.6.0","apifyClientVersion":"2.22.2","crawleeVersion":"3.16.0","osType":"Linux","nodeVersion":"v22.22.1"}[39m
[36m[apify.instagram-profile-scraper runId:M86mwLkbhcJR8Kp5B][0m -> 2026-03-20T23:47:03.848Z [32mINFO[39m  Results Limit [object Object], ACTOR_MAX_PAID_DATASET_ITEMS
[36m[apify.instagram-profile-scraper runId:M86mwLkbhcJR8Kp5B][0m -> 2026-03-20T23:47:03.854Z [32mINFO[39m  [Status message]: Starting the scraper with 1 direct URL(s)
[36m[apify.instagram-profile-scraper runId:M86mwLkbhcJR8Kp5B][0m -> Status: RUNNING, Message: Starting the crawler.
[36m[apify.instagram-profile-scraper runId:M86mwLkbhcJR8Kp5B][0m -> 2026-03-20T23:47:03.927Z [32mINFO[39m [33m CheerioCrawler:[39m Starting the crawler.
[36m[apify.instagram-profile-scraper runId:M86mwLkbhcJR8Kp5B][0m -> 2026-03-20T23:47:07.637Z [32mINFO[39m [33m CheerioCrawler:[39m All requests from the queue have been processed, the crawler will shut down.
[36m[apify.instagram-profile-scraper runId:M86mwLkbhcJR8Kp5B][0m -> 2026-03-20T23:47:07.868Z [32mINFO[39m [33m CheerioCrawler:[39m Final request statistics:[90m {"requestsFinished":1,"requestsFailed":0,"retryHistogram":[1],"requestAvgFailedDurationMillis":null,"requestAvgFinishedDurationMillis":3700,"requestsFinishedPerMinute":15,"requestsFailedPerMinute":0,"requestTotalDurationMillis":3700,"requestsTotal":1,"crawlerRuntimeMillis":3994}[39m
[36m[apify.instagram-profile-scraper runId:M86mwLkbhcJR8Kp5B][0m -> 2026-03-20T23:47:07.870Z [32mINFO[39m [33m CheerioCrawler:[39m Finished! Total 1 requests: 1 succeeded, 0 failed.[90m {"terminal":true}[39m
[36m[apify.instagram-profile-scraper runId:M86mwLkbhcJR8Kp5B][0m -> 2026-03-20T23:47:07.872Z [32mINFO[39m  [Status message]: Scraper finished
[36m[apify.instagram-profile-scraper runId:M86mwLkbhcJR8Kp5B][0m -> Status: SUCCEEDED, Message: Scraper finished
[2026-03-21 07:47:01] ==================================================
[2026-03-21 07:47:01] 開始 wifevivi_ 自動更新流程
[2026-03-21 07:47:01] ==================================================
[2026-03-21 07:47:01] 已載入資料，目前分析 1 篇貼文
[2026-03-21 07:47:01] 使用 Apify 檢查 wifevivi_ 的新貼文...
[2026-03-21 07:47:16] 找到 1 篇新貼文
[2026-03-21 07:47:16] 發現 1 篇新貼文，開始處理...
[2026-03-21 07:47:16] 部署到 GitHub Pages...
[2026-03-21 07:47:17] ✅ 部署成功
[2026-03-21 07:47:17] ==================================================
[2026-03-21 07:47:17] 更新流程完成
[2026-03-21 07:47:17] ==================================================
[36m[apify.instagram-profile-scraper runId:qkvUl6OaFNIlbrhYN][0m -> Status: RUNNING, Message: 
[36m[apify.instagram-profile-scraper runId:qkvUl6OaFNIlbrhYN][0m -> 2026-03-21T23:47:03.111Z ACTOR: Pulling container image of build uOUioXZTuRtZupLz6 from registry.
[36m[apify.instagram-profile-scraper runId:qkvUl6OaFNIlbrhYN][0m -> 2026-03-21T23:47:03.113Z ACTOR: Creating container.
[36m[apify.instagram-profile-scraper runId:qkvUl6OaFNIlbrhYN][0m -> 2026-03-21T23:47:03.220Z ACTOR: Starting container.
[36m[apify.instagram-profile-scraper runId:qkvUl6OaFNIlbrhYN][0m -> 2026-03-21T23:47:03.222Z ACTOR: Running under "LIMITED_PERMISSIONS" permission level.
[36m[apify.instagram-profile-scraper runId:qkvUl6OaFNIlbrhYN][0m -> 2026-03-21T23:47:04.051Z [32mINFO[39m  System info[90m {"apifyVersion":"3.6.0","apifyClientVersion":"2.22.2","crawleeVersion":"3.16.0","osType":"Linux","nodeVersion":"v22.22.1"}[39m
[36m[apify.instagram-profile-scraper runId:qkvUl6OaFNIlbrhYN][0m -> 2026-03-21T23:47:04.221Z [32mINFO[39m  Results Limit [object Object], ACTOR_MAX_PAID_DATASET_ITEMS
[36m[apify.instagram-profile-scraper runId:qkvUl6OaFNIlbrhYN][0m -> 2026-03-21T23:47:04.227Z [32mINFO[39m  [Status message]: Starting the scraper with 1 direct URL(s)
[36m[apify.instagram-profile-scraper runId:qkvUl6OaFNIlbrhYN][0m -> Status: RUNNING, Message: Starting the crawler.
[36m[apify.instagram-profile-scraper runId:qkvUl6OaFNIlbrhYN][0m -> 2026-03-21T23:47:04.309Z [32mINFO[39m [33m CheerioCrawler:[39m Starting the crawler.
[36m[apify.instagram-profile-scraper runId:qkvUl6OaFNIlbrhYN][0m -> 2026-03-21T23:47:06.141Z [32mINFO[39m [33m CheerioCrawler:[39m All requests from the queue have been processed, the crawler will shut down.
[36m[apify.instagram-profile-scraper runId:qkvUl6OaFNIlbrhYN][0m -> 2026-03-21T23:47:06.209Z [32mINFO[39m [33m CheerioCrawler:[39m Final request statistics:[90m {"requestsFinished":1,"requestsFailed":0,"retryHistogram":[1],"requestAvgFailedDurationMillis":null,"requestAvgFinishedDurationMillis":1824,"requestsFinishedPerMinute":31,"requestsFailedPerMinute":0,"requestTotalDurationMillis":1824,"requestsTotal":1,"crawlerRuntimeMillis":1951}[39m
[36m[apify.instagram-profile-scraper runId:qkvUl6OaFNIlbrhYN][0m -> 2026-03-21T23:47:06.211Z [32mINFO[39m [33m CheerioCrawler:[39m Finished! Total 1 requests: 1 succeeded, 0 failed.[90m {"terminal":true}[39m
[36m[apify.instagram-profile-scraper runId:qkvUl6OaFNIlbrhYN][0m -> Status: RUNNING, Message: Finished! Total 1 requests: 1 succeeded, 0 failed.
[36m[apify.instagram-profile-scraper runId:qkvUl6OaFNIlbrhYN][0m -> 2026-03-21T23:47:06.213Z [32mINFO[39m  [Status message]: Scraper finished
[2026-03-22 07:47:02] ==================================================
[2026-03-22 07:47:02] 開始 wifevivi_ 自動更新流程
[2026-03-22 07:47:02] ==================================================
[2026-03-22 07:47:02] 已載入資料，目前分析 1 篇貼文
[2026-03-22 07:47:02] 使用 Apify 檢查 wifevivi_ 的新貼文...
[2026-03-22 07:47:13] 找到 1 篇新貼文
[2026-03-22 07:47:13] 發現 1 篇新貼文，開始處理...
[2026-03-22 07:47:13] 部署到 GitHub Pages...
[2026-03-22 07:47:14] ✅ 部署成功
[2026-03-22 07:47:14] ==================================================
[2026-03-22 07:47:14] 更新流程完成
[2026-03-22 07:47:14] ==================================================
[36m[apify.instagram-profile-scraper runId:TKyXoDdVfcRx18KIn][0m -> Status: RUNNING, Message: 
[36m[apify.instagram-profile-scraper runId:TKyXoDdVfcRx18KIn][0m -> 2026-03-22T23:47:02.966Z ACTOR: Pulling container image of build uOUioXZTuRtZupLz6 from registry.
[36m[apify.instagram-profile-scraper runId:TKyXoDdVfcRx18KIn][0m -> 2026-03-22T23:47:02.968Z ACTOR: Creating container.
[36m[apify.instagram-profile-scraper runId:TKyXoDdVfcRx18KIn][0m -> 2026-03-22T23:47:03.023Z ACTOR: Starting container.
[36m[apify.instagram-profile-scraper runId:TKyXoDdVfcRx18KIn][0m -> 2026-03-22T23:47:03.024Z ACTOR: Running under "LIMITED_PERMISSIONS" permission level.
[36m[apify.instagram-profile-scraper runId:TKyXoDdVfcRx18KIn][0m -> 2026-03-22T23:47:03.585Z [32mINFO[39m  System info[90m {"apifyVersion":"3.6.0","apifyClientVersion":"2.22.2","crawleeVersion":"3.16.0","osType":"Linux","nodeVersion":"v22.22.1"}[39m
[36m[apify.instagram-profile-scraper runId:TKyXoDdVfcRx18KIn][0m -> 2026-03-22T23:47:03.857Z [32mINFO[39m  Results Limit [object Object], ACTOR_MAX_PAID_DATASET_ITEMS
[36m[apify.instagram-profile-scraper runId:TKyXoDdVfcRx18KIn][0m -> 2026-03-22T23:47:03.862Z [32mINFO[39m  [Status message]: Starting the scraper with 1 direct URL(s)
[36m[apify.instagram-profile-scraper runId:TKyXoDdVfcRx18KIn][0m -> Status: RUNNING, Message: Starting the crawler.
[36m[apify.instagram-profile-scraper runId:TKyXoDdVfcRx18KIn][0m -> 2026-03-22T23:47:03.963Z [32mINFO[39m [33m CheerioCrawler:[39m Starting the crawler.
[36m[apify.instagram-profile-scraper runId:TKyXoDdVfcRx18KIn][0m -> 2026-03-22T23:47:06.743Z [32mINFO[39m [33m CheerioCrawler:[39m All requests from the queue have been processed, the crawler will shut down.
[36m[apify.instagram-profile-scraper runId:TKyXoDdVfcRx18KIn][0m -> 2026-03-22T23:47:06.916Z [32mINFO[39m [33m CheerioCrawler:[39m Final request statistics:[90m {"requestsFinished":1,"requestsFailed":0,"retryHistogram":[1],"requestAvgFailedDurationMillis":null,"requestAvgFinishedDurationMillis":2791,"requestsFinishedPerMinute":20,"requestsFailedPerMinute":0,"requestTotalDurationMillis":2791,"requestsTotal":1,"crawlerRuntimeMillis":3041}[39m
[36m[apify.instagram-profile-scraper runId:TKyXoDdVfcRx18KIn][0m -> 2026-03-22T23:47:06.917Z [32mINFO[39m [33m CheerioCrawler:[39m Finished! Total 1 requests: 1 succeeded, 0 failed.[90m {"terminal":true}[39m
[36m[apify.instagram-profile-scraper runId:TKyXoDdVfcRx18KIn][0m -> 2026-03-22T23:47:06.917Z [32mINFO[39m  [Status message]: Scraper finished
[36m[apify.instagram-profile-scraper runId:TKyXoDdVfcRx18KIn][0m -> Status: SUCCEEDED, Message: Finished! Total 1 requests: 1 succeeded, 0 failed.
[2026-03-23 07:47:01] ==================================================
[2026-03-23 07:47:01] 開始 wifevivi_ 自動更新流程
[2026-03-23 07:47:01] ==================================================
[2026-03-23 07:47:01] 已載入資料，目前分析 1 篇貼文
[2026-03-23 07:47:01] 使用 Apify 檢查 wifevivi_ 的新貼文...
[2026-03-23 07:47:13] 找到 1 篇新貼文
[2026-03-23 07:47:13] 發現 1 篇新貼文，開始處理...
[2026-03-23 07:47:13] 部署到 GitHub Pages...
[2026-03-23 07:47:14] ✅ 部署成功
[2026-03-23 07:47:14] ==================================================
[2026-03-23 07:47:14] 更新流程完成
[2026-03-23 07:47:14] ==================================================
[36m[apify.instagram-profile-scraper runId:cQOOfCVeyeThhz9Pr][0m -> Status: RUNNING, Message: 
[36m[apify.instagram-profile-scraper runId:cQOOfCVeyeThhz9Pr][0m -> 2026-03-23T23:47:02.784Z ACTOR: Pulling container image of build tQZ6xumGarnu5Fylf from registry.
[36m[apify.instagram-profile-scraper runId:cQOOfCVeyeThhz9Pr][0m -> 2026-03-23T23:47:02.786Z ACTOR: Creating container.
[36m[apify.instagram-profile-scraper runId:cQOOfCVeyeThhz9Pr][0m -> 2026-03-23T23:47:02.829Z ACTOR: Starting container.
[36m[apify.instagram-profile-scraper runId:cQOOfCVeyeThhz9Pr][0m -> 2026-03-23T23:47:02.830Z ACTOR: Running under "LIMITED_PERMISSIONS" permission level.
[36m[apify.instagram-profile-scraper runId:cQOOfCVeyeThhz9Pr][0m -> 2026-03-23T23:47:03.812Z [32mINFO[39m  System info[90m {"apifyVersion":"3.6.0","apifyClientVersion":"2.22.2","crawleeVersion":"3.16.0","osType":"Linux","nodeVersion":"v22.22.1"}[39m
[36m[apify.instagram-profile-scraper runId:cQOOfCVeyeThhz9Pr][0m -> 2026-03-23T23:47:04.005Z [32mINFO[39m  Results Limit [object Object], ACTOR_MAX_PAID_DATASET_ITEMS
[36m[apify.instagram-profile-scraper runId:cQOOfCVeyeThhz9Pr][0m -> 2026-03-23T23:47:04.010Z [32mINFO[39m  [Status message]: Starting the scraper with 1 direct URL(s)
[36m[apify.instagram-profile-scraper runId:cQOOfCVeyeThhz9Pr][0m -> Status: RUNNING, Message: Starting the crawler.
[36m[apify.instagram-profile-scraper runId:cQOOfCVeyeThhz9Pr][0m -> 2026-03-23T23:47:04.100Z [32mINFO[39m [33m CheerioCrawler:[39m Starting the crawler.
[36m[apify.instagram-profile-scraper runId:cQOOfCVeyeThhz9Pr][0m -> 2026-03-23T23:47:06.960Z [32mINFO[39m [33m CheerioCrawler:[39m All requests from the queue have been processed, the crawler will shut down.
[36m[apify.instagram-profile-scraper runId:cQOOfCVeyeThhz9Pr][0m -> 2026-03-23T23:47:07.211Z [32mINFO[39m [33m CheerioCrawler:[39m Final request statistics:[90m {"requestsFinished":1,"requestsFailed":0,"retryHistogram":[1],"requestAvgFailedDurationMillis":null,"requestAvgFinishedDurationMillis":2851,"requestsFinishedPerMinute":19,"requestsFailedPerMinute":0,"requestTotalDurationMillis":2851,"requestsTotal":1,"crawlerRuntimeMillis":3187}[39m
[36m[apify.instagram-profile-scraper runId:cQOOfCVeyeThhz9Pr][0m -> 2026-03-23T23:47:07.212Z [32mINFO[39m [33m CheerioCrawler:[39m Finished! Total 1 requests: 1 succeeded, 0 failed.[90m {"terminal":true}[39m
[36m[apify.instagram-profile-scraper runId:cQOOfCVeyeThhz9Pr][0m -> Status: RUNNING, Message: Finished! Total 1 requests: 1 succeeded, 0 failed.
[36m[apify.instagram-profile-scraper runId:cQOOfCVeyeThhz9Pr][0m -> 2026-03-23T23:47:07.213Z [32mINFO[39m  [Status message]: Scraper finished
[2026-03-24 07:47:01] ==================================================
[2026-03-24 07:47:01] 開始 wifevivi_ 自動更新流程
[2026-03-24 07:47:01] ==================================================
[2026-03-24 07:47:01] 已載入資料，目前分析 1 篇貼文
[2026-03-24 07:47:01] 使用 Apify 檢查 wifevivi_ 的新貼文...
[2026-03-24 07:47:14] 找到 1 篇新貼文
[2026-03-24 07:47:14] 發現 1 篇新貼文，開始處理...
[2026-03-24 07:47:14] 部署到 GitHub Pages...
[2026-03-24 07:47:15] ✅ 部署成功
[2026-03-24 07:47:15] ==================================================
[2026-03-24 07:47:15] 更新流程完成
[2026-03-24 07:47:15] ==================================================
[36m[apify.instagram-profile-scraper runId:UgQ4bDAQUUzBa0zbm][0m -> Status: RUNNING, Message: Starting the scraper with 1 direct URL(s)
[36m[apify.instagram-profile-scraper runId:UgQ4bDAQUUzBa0zbm][0m -> 2026-03-24T23:47:02.439Z ACTOR: Pulling container image of build tQZ6xumGarnu5Fylf from registry.
[36m[apify.instagram-profile-scraper runId:UgQ4bDAQUUzBa0zbm][0m -> 2026-03-24T23:47:02.441Z ACTOR: Creating container.
[36m[apify.instagram-profile-scraper runId:UgQ4bDAQUUzBa0zbm][0m -> 2026-03-24T23:47:02.485Z ACTOR: Starting container.
[36m[apify.instagram-profile-scraper runId:UgQ4bDAQUUzBa0zbm][0m -> 2026-03-24T23:47:02.486Z ACTOR: Running under "LIMITED_PERMISSIONS" permission level.
[36m[apify.instagram-profile-scraper runId:UgQ4bDAQUUzBa0zbm][0m -> 2026-03-24T23:47:03.083Z [32mINFO[39m  System info[90m {"apifyVersion":"3.6.0","apifyClientVersion":"2.22.2","crawleeVersion":"3.16.0","osType":"Linux","nodeVersion":"v22.22.1"}[39m
[36m[apify.instagram-profile-scraper runId:UgQ4bDAQUUzBa0zbm][0m -> 2026-03-24T23:47:03.336Z [32mINFO[39m  Results Limit [object Object], ACTOR_MAX_PAID_DATASET_ITEMS
[36m[apify.instagram-profile-scraper runId:UgQ4bDAQUUzBa0zbm][0m -> 2026-03-24T23:47:03.340Z [32mINFO[39m  [Status message]: Starting the scraper with 1 direct URL(s)
[36m[apify.instagram-profile-scraper runId:UgQ4bDAQUUzBa0zbm][0m -> Status: RUNNING, Message: Starting the crawler.
[36m[apify.instagram-profile-scraper runId:UgQ4bDAQUUzBa0zbm][0m -> 2026-03-24T23:47:03.407Z [32mINFO[39m [33m CheerioCrawler:[39m Starting the crawler.
[36m[apify.instagram-profile-scraper runId:UgQ4bDAQUUzBa0zbm][0m -> 2026-03-24T23:47:06.531Z [32mINFO[39m [33m CheerioCrawler:[39m All requests from the queue have been processed, the crawler will shut down.
[36m[apify.instagram-profile-scraper runId:UgQ4bDAQUUzBa0zbm][0m -> 2026-03-24T23:47:06.680Z [32mINFO[39m [33m CheerioCrawler:[39m Final request statistics:[90m {"requestsFinished":1,"requestsFailed":0,"retryHistogram":[1],"requestAvgFailedDurationMillis":null,"requestAvgFinishedDurationMillis":3116,"requestsFinishedPerMinute":18,"requestsFailedPerMinute":0,"requestTotalDurationMillis":3116,"requestsTotal":1,"crawlerRuntimeMillis":3330}[39m
[36m[apify.instagram-profile-scraper runId:UgQ4bDAQUUzBa0zbm][0m -> 2026-03-24T23:47:06.681Z [32mINFO[39m [33m CheerioCrawler:[39m Finished! Total 1 requests: 1 succeeded, 0 failed.[90m {"terminal":true}[39m
[36m[apify.instagram-profile-scraper runId:UgQ4bDAQUUzBa0zbm][0m -> 2026-03-24T23:47:06.682Z [32mINFO[39m  [Status message]: Scraper finished
[36m[apify.instagram-profile-scraper runId:UgQ4bDAQUUzBa0zbm][0m -> Status: SUCCEEDED, Message: Scraper finished
[2026-03-25 07:47:01] ==================================================
[2026-03-25 07:47:01] 開始 wifevivi_ 自動更新流程
[2026-03-25 07:47:01] ==================================================
[2026-03-25 07:47:01] 已載入資料，目前分析 1 篇貼文
[2026-03-25 07:47:01] 使用 Apify 檢查 wifevivi_ 的新貼文...
[2026-03-25 07:47:14] 找到 1 篇新貼文
[2026-03-25 07:47:14] 發現 1 篇新貼文，開始處理...
[2026-03-25 07:47:14] 部署到 GitHub Pages...
[2026-03-25 07:47:15] ✅ 部署成功
[2026-03-25 07:47:15] ==================================================
[2026-03-25 07:47:15] 更新流程完成
[2026-03-25 07:47:15] ==================================================
[36m[apify.instagram-profile-scraper runId:2wNKx4Dlk0YZcqiYo][0m -> Status: RUNNING, Message: Starting the scraper with 1 direct URL(s)
[36m[apify.instagram-profile-scraper runId:2wNKx4Dlk0YZcqiYo][0m -> 2026-03-25T23:47:02.621Z ACTOR: Pulling container image of build bfIK9c0sMgYDFwjal from registry.
[36m[apify.instagram-profile-scraper runId:2wNKx4Dlk0YZcqiYo][0m -> 2026-03-25T23:47:02.623Z ACTOR: Creating container.
[36m[apify.instagram-profile-scraper runId:2wNKx4Dlk0YZcqiYo][0m -> 2026-03-25T23:47:02.671Z ACTOR: Starting container.
[36m[apify.instagram-profile-scraper runId:2wNKx4Dlk0YZcqiYo][0m -> 2026-03-25T23:47:02.672Z ACTOR: Running under "LIMITED_PERMISSIONS" permission level.
[36m[apify.instagram-profile-scraper runId:2wNKx4Dlk0YZcqiYo][0m -> 2026-03-25T23:47:03.414Z [32mINFO[39m  System info[90m {"apifyVersion":"3.6.0","apifyClientVersion":"2.22.2","crawleeVersion":"3.16.0","osType":"Linux","nodeVersion":"v22.22.1"}[39m
[36m[apify.instagram-profile-scraper runId:2wNKx4Dlk0YZcqiYo][0m -> 2026-03-25T23:47:03.565Z [32mINFO[39m  Results Limit [object Object], ACTOR_MAX_PAID_DATASET_ITEMS
[36m[apify.instagram-profile-scraper runId:2wNKx4Dlk0YZcqiYo][0m -> 2026-03-25T23:47:03.570Z [32mINFO[39m  [Status message]: Starting the scraper with 1 direct URL(s)
[36m[apify.instagram-profile-scraper runId:2wNKx4Dlk0YZcqiYo][0m -> Status: RUNNING, Message: Starting the crawler.
[36m[apify.instagram-profile-scraper runId:2wNKx4Dlk0YZcqiYo][0m -> 2026-03-25T23:47:03.724Z [32mINFO[39m [33m CheerioCrawler:[39m Starting the crawler.
[36m[apify.instagram-profile-scraper runId:2wNKx4Dlk0YZcqiYo][0m -> 2026-03-25T23:47:05.584Z [32mINFO[39m [33m CheerioCrawler:[39m All requests from the queue have been processed, the crawler will shut down.
[36m[apify.instagram-profile-scraper runId:2wNKx4Dlk0YZcqiYo][0m -> 2026-03-25T23:47:05.663Z [32mINFO[39m [33m CheerioCrawler:[39m Final request statistics:[90m {"requestsFinished":1,"requestsFailed":0,"retryHistogram":[1],"requestAvgFailedDurationMillis":null,"requestAvgFinishedDurationMillis":1852,"requestsFinishedPerMinute":29,"requestsFailedPerMinute":0,"requestTotalDurationMillis":1852,"requestsTotal":1,"crawlerRuntimeMillis":2075}[39m
[36m[apify.instagram-profile-scraper runId:2wNKx4Dlk0YZcqiYo][0m -> 2026-03-25T23:47:05.664Z [32mINFO[39m [33m CheerioCrawler:[39m Finished! Total 1 requests: 1 succeeded, 0 failed.[90m {"terminal":true}[39m
[36m[apify.instagram-profile-scraper runId:2wNKx4Dlk0YZcqiYo][0m -> 2026-03-25T23:47:05.664Z [32mINFO[39m  [Status message]: Scraper finished
[36m[apify.instagram-profile-scraper runId:2wNKx4Dlk0YZcqiYo][0m -> Status: SUCCEEDED, Message: Scraper finished
[2026-03-26 07:47:01] ==================================================
[2026-03-26 07:47:01] 開始 wifevivi_ 自動更新流程
[2026-03-26 07:47:01] ==================================================
[2026-03-26 07:47:01] 已載入資料，目前分析 1 篇貼文
[2026-03-26 07:47:01] 使用 Apify 檢查 wifevivi_ 的新貼文...
[2026-03-26 07:47:13] 找到 1 篇新貼文
[2026-03-26 07:47:13] 發現 1 篇新貼文，開始處理...
[2026-03-26 07:47:13] 部署到 GitHub Pages...
[2026-03-26 07:47:14] ✅ 部署成功
[2026-03-26 07:47:14] ==================================================
[2026-03-26 07:47:14] 更新流程完成
[2026-03-26 07:47:14] ==================================================
[36m[apify.instagram-profile-scraper runId:1ymyfITucL5epbl9e][0m -> Status: RUNNING, Message: Starting the scraper with 1 direct URL(s)
[36m[apify.instagram-profile-scraper runId:1ymyfITucL5epbl9e][0m -> 2026-03-26T23:47:02.836Z ACTOR: Pulling container image of build TbxkRpawBbXguikWH from registry.
[36m[apify.instagram-profile-scraper runId:1ymyfITucL5epbl9e][0m -> 2026-03-26T23:47:02.838Z ACTOR: Creating container.
[36m[apify.instagram-profile-scraper runId:1ymyfITucL5epbl9e][0m -> 2026-03-26T23:47:02.873Z ACTOR: Starting container.
[36m[apify.instagram-profile-scraper runId:1ymyfITucL5epbl9e][0m -> 2026-03-26T23:47:02.875Z ACTOR: Running under "LIMITED_PERMISSIONS" permission level.
[36m[apify.instagram-profile-scraper runId:1ymyfITucL5epbl9e][0m -> 2026-03-26T23:47:03.556Z [32mINFO[39m  System info[90m {"apifyVersion":"3.6.0","apifyClientVersion":"2.22.2","crawleeVersion":"3.16.0","osType":"Linux","nodeVersion":"v22.22.1"}[39m
[36m[apify.instagram-profile-scraper runId:1ymyfITucL5epbl9e][0m -> 2026-03-26T23:47:03.704Z [32mINFO[39m  Results Limit [object Object], ACTOR_MAX_PAID_DATASET_ITEMS
[36m[apify.instagram-profile-scraper runId:1ymyfITucL5epbl9e][0m -> 2026-03-26T23:47:03.709Z [32mINFO[39m  [Status message]: Starting the scraper with 1 direct URL(s)
[36m[apify.instagram-profile-scraper runId:1ymyfITucL5epbl9e][0m -> Status: RUNNING, Message: Starting the crawler.
[36m[apify.instagram-profile-scraper runId:1ymyfITucL5epbl9e][0m -> 2026-03-26T23:47:03.781Z [32mINFO[39m [33m CheerioCrawler:[39m Starting the crawler.
[36m[apify.instagram-profile-scraper runId:1ymyfITucL5epbl9e][0m -> 2026-03-26T23:47:06.644Z [32mINFO[39m [33m CheerioCrawler:[39m All requests from the queue have been processed, the crawler will shut down.
[36m[apify.instagram-profile-scraper runId:1ymyfITucL5epbl9e][0m -> 2026-03-26T23:47:06.773Z [32mINFO[39m [33m CheerioCrawler:[39m Final request statistics:[90m {"requestsFinished":1,"requestsFailed":0,"retryHistogram":[1],"requestAvgFailedDurationMillis":null,"requestAvgFinishedDurationMillis":2857,"requestsFinishedPerMinute":20,"requestsFailedPerMinute":0,"requestTotalDurationMillis":2857,"requestsTotal":1,"crawlerRuntimeMillis":3044}[39m
[36m[apify.instagram-profile-scraper runId:1ymyfITucL5epbl9e][0m -> 2026-03-26T23:47:06.775Z [32mINFO[39m [33m CheerioCrawler:[39m Finished! Total 1 requests: 1 succeeded, 0 failed.[90m {"terminal":true}[39m
[36m[apify.instagram-profile-scraper runId:1ymyfITucL5epbl9e][0m -> 2026-03-26T23:47:06.777Z [32mINFO[39m  [Status message]: Scraper finished
[36m[apify.instagram-profile-scraper runId:1ymyfITucL5epbl9e][0m -> Status: SUCCEEDED, Message: Finished! Total 1 requests: 1 succeeded, 0 failed.
[2026-03-27 07:47:01] ==================================================
[2026-03-27 07:47:01] 開始 wifevivi_ 自動更新流程
[2026-03-27 07:47:01] ==================================================
[2026-03-27 07:47:01] 已載入資料，目前分析 1 篇貼文
[2026-03-27 07:47:01] 使用 Apify 檢查 wifevivi_ 的新貼文...
[2026-03-27 07:47:13] 找到 1 篇新貼文
[2026-03-27 07:47:13] 發現 1 篇新貼文，開始處理...
[2026-03-27 07:47:13] 部署到 GitHub Pages...
[2026-03-27 07:47:14] ✅ 部署成功
[2026-03-27 07:47:14] ==================================================
[2026-03-27 07:47:14] 更新流程完成
[2026-03-27 07:47:14] ==================================================
[36m[apify.instagram-profile-scraper runId:2fvhiphSB1fYn1fYg][0m -> Status: RUNNING, Message: Starting the scraper with 1 direct URL(s)
[36m[apify.instagram-profile-scraper runId:2fvhiphSB1fYn1fYg][0m -> 2026-03-27T23:47:03.046Z ACTOR: Pulling container image of build 8uw7h8pANPXbwwXKb from registry.
[36m[apify.instagram-profile-scraper runId:2fvhiphSB1fYn1fYg][0m -> 2026-03-27T23:47:03.048Z ACTOR: Creating container.
[36m[apify.instagram-profile-scraper runId:2fvhiphSB1fYn1fYg][0m -> 2026-03-27T23:47:03.092Z ACTOR: Starting container.
[36m[apify.instagram-profile-scraper runId:2fvhiphSB1fYn1fYg][0m -> 2026-03-27T23:47:03.094Z ACTOR: Running under "LIMITED_PERMISSIONS" permission level.
[36m[apify.instagram-profile-scraper runId:2fvhiphSB1fYn1fYg][0m -> 2026-03-27T23:47:03.796Z [32mINFO[39m  System info[90m {"apifyVersion":"3.6.0","apifyClientVersion":"2.22.2","crawleeVersion":"3.16.0","osType":"Linux","nodeVersion":"v22.22.1"}[39m
[36m[apify.instagram-profile-scraper runId:2fvhiphSB1fYn1fYg][0m -> 2026-03-27T23:47:03.920Z [32mINFO[39m  Results Limit [object Object], ACTOR_MAX_PAID_DATASET_ITEMS
[36m[apify.instagram-profile-scraper runId:2fvhiphSB1fYn1fYg][0m -> 2026-03-27T23:47:03.924Z [32mINFO[39m  [Status message]: Starting the scraper with 1 direct URL(s)
[36m[apify.instagram-profile-scraper runId:2fvhiphSB1fYn1fYg][0m -> Status: RUNNING, Message: Starting the crawler.
[36m[apify.instagram-profile-scraper runId:2fvhiphSB1fYn1fYg][0m -> 2026-03-27T23:47:03.993Z [32mINFO[39m [33m CheerioCrawler:[39m Starting the crawler.
[36m[apify.instagram-profile-scraper runId:2fvhiphSB1fYn1fYg][0m -> 2026-03-27T23:47:08.087Z [32mINFO[39m [33m CheerioCrawler:[39m All requests from the queue have been processed, the crawler will shut down.
[36m[apify.instagram-profile-scraper runId:2fvhiphSB1fYn1fYg][0m -> 2026-03-27T23:47:08.172Z [32mINFO[39m [33m CheerioCrawler:[39m Final request statistics:[90m {"requestsFinished":1,"requestsFailed":0,"retryHistogram":[1],"requestAvgFailedDurationMillis":null,"requestAvgFinishedDurationMillis":4088,"requestsFinishedPerMinute":14,"requestsFailedPerMinute":0,"requestTotalDurationMillis":4088,"requestsTotal":1,"crawlerRuntimeMillis":4235}[39m
[36m[apify.instagram-profile-scraper runId:2fvhiphSB1fYn1fYg][0m -> 2026-03-27T23:47:08.174Z [32mINFO[39m [33m CheerioCrawler:[39m Finished! Total 1 requests: 1 succeeded, 0 failed.[90m {"terminal":true}[39m
[36m[apify.instagram-profile-scraper runId:2fvhiphSB1fYn1fYg][0m -> 2026-03-27T23:47:08.175Z [32mINFO[39m  [Status message]: Scraper finished
[36m[apify.instagram-profile-scraper runId:2fvhiphSB1fYn1fYg][0m -> Status: SUCCEEDED, Message: Scraper finished
[2026-03-28 07:47:01] ==================================================
[2026-03-28 07:47:01] 開始 wifevivi_ 自動更新流程
[2026-03-28 07:47:01] ==================================================
[2026-03-28 07:47:01] 已載入資料，目前分析 1 篇貼文
[2026-03-28 07:47:01] 使用 Apify 檢查 wifevivi_ 的新貼文...
[2026-03-28 07:47:15] 找到 1 篇新貼文
[2026-03-28 07:47:15] 發現 1 篇新貼文，開始處理...
[2026-03-28 07:47:15] 部署到 GitHub Pages...
[2026-03-28 07:47:16] ✅ 部署成功
[2026-03-28 07:47:16] ==================================================
[2026-03-28 07:47:16] 更新流程完成
[2026-03-28 07:47:16] ==================================================
[36m[apify.instagram-profile-scraper runId:tMn3w9MGipxAF3JCr][0m -> Status: RUNNING, Message: 
[36m[apify.instagram-profile-scraper runId:tMn3w9MGipxAF3JCr][0m -> 2026-03-28T23:47:02.425Z ACTOR: Pulling container image of build 8uw7h8pANPXbwwXKb from registry.
[36m[apify.instagram-profile-scraper runId:tMn3w9MGipxAF3JCr][0m -> 2026-03-28T23:47:02.427Z ACTOR: Creating container.
[36m[apify.instagram-profile-scraper runId:tMn3w9MGipxAF3JCr][0m -> 2026-03-28T23:47:02.775Z ACTOR: Starting container.
[36m[apify.instagram-profile-scraper runId:tMn3w9MGipxAF3JCr][0m -> 2026-03-28T23:47:02.777Z ACTOR: Running under "LIMITED_PERMISSIONS" permission level.
[36m[apify.instagram-profile-scraper runId:tMn3w9MGipxAF3JCr][0m -> 2026-03-28T23:47:03.444Z [32mINFO[39m  System info[90m {"apifyVersion":"3.6.0","apifyClientVersion":"2.22.2","crawleeVersion":"3.16.0","osType":"Linux","nodeVersion":"v22.22.1"}[39m
[36m[apify.instagram-profile-scraper runId:tMn3w9MGipxAF3JCr][0m -> 2026-03-28T23:47:03.577Z [32mINFO[39m  Results Limit [object Object], ACTOR_MAX_PAID_DATASET_ITEMS
[36m[apify.instagram-profile-scraper runId:tMn3w9MGipxAF3JCr][0m -> 2026-03-28T23:47:03.582Z [32mINFO[39m  [Status message]: Starting the scraper with 1 direct URL(s)
[36m[apify.instagram-profile-scraper runId:tMn3w9MGipxAF3JCr][0m -> Status: RUNNING, Message: Starting the crawler.
[36m[apify.instagram-profile-scraper runId:tMn3w9MGipxAF3JCr][0m -> 2026-03-28T23:47:03.674Z [32mINFO[39m [33m CheerioCrawler:[39m Starting the crawler.
[36m[apify.instagram-profile-scraper runId:tMn3w9MGipxAF3JCr][0m -> 2026-03-28T23:47:07.444Z [32mINFO[39m [33m CheerioCrawler:[39m All requests from the queue have been processed, the crawler will shut down.
[36m[apify.instagram-profile-scraper runId:tMn3w9MGipxAF3JCr][0m -> 2026-03-28T23:47:07.514Z [32mINFO[39m [33m CheerioCrawler:[39m Final request statistics:[90m {"requestsFinished":1,"requestsFailed":0,"retryHistogram":[1],"requestAvgFailedDurationMillis":null,"requestAvgFinishedDurationMillis":3764,"requestsFinishedPerMinute":15,"requestsFailedPerMinute":0,"requestTotalDurationMillis":3764,"requestsTotal":1,"crawlerRuntimeMillis":3918}[39m
[36m[apify.instagram-profile-scraper runId:tMn3w9MGipxAF3JCr][0m -> 2026-03-28T23:47:07.516Z [32mINFO[39m [33m CheerioCrawler:[39m Finished! Total 1 requests: 1 succeeded, 0 failed.[90m {"terminal":true}[39m
[36m[apify.instagram-profile-scraper runId:tMn3w9MGipxAF3JCr][0m -> 2026-03-28T23:47:07.518Z [32mINFO[39m  [Status message]: Scraper finished
[36m[apify.instagram-profile-scraper runId:tMn3w9MGipxAF3JCr][0m -> Status: SUCCEEDED, Message: Scraper finished
[2026-03-29 07:47:01] ==================================================
[2026-03-29 07:47:01] 開始 wifevivi_ 自動更新流程
[2026-03-29 07:47:01] ==================================================
[2026-03-29 07:47:01] 已載入資料，目前分析 1 篇貼文
[2026-03-29 07:47:01] 使用 Apify 檢查 wifevivi_ 的新貼文...
[2026-03-29 07:47:15] 找到 1 篇新貼文
[2026-03-29 07:47:15] 發現 1 篇新貼文，開始處理...
[2026-03-29 07:47:15] 部署到 GitHub Pages...
[2026-03-29 07:47:16] ✅ 部署成功
[2026-03-29 07:47:16] ==================================================
[2026-03-29 07:47:16] 更新流程完成
[2026-03-29 07:47:16] ==================================================
[36m[apify.instagram-profile-scraper runId:RYgkrtOR3spRb3GNG][0m -> Status: RUNNING, Message: 
[36m[apify.instagram-profile-scraper runId:RYgkrtOR3spRb3GNG][0m -> 2026-03-29T23:47:02.819Z ACTOR: Pulling container image of build 8uw7h8pANPXbwwXKb from registry.
[36m[apify.instagram-profile-scraper runId:RYgkrtOR3spRb3GNG][0m -> 2026-03-29T23:47:02.821Z ACTOR: Creating container.
[36m[apify.instagram-profile-scraper runId:RYgkrtOR3spRb3GNG][0m -> 2026-03-29T23:47:03.279Z ACTOR: Starting container.
[36m[apify.instagram-profile-scraper runId:RYgkrtOR3spRb3GNG][0m -> 2026-03-29T23:47:03.280Z ACTOR: Running under "LIMITED_PERMISSIONS" permission level.
[36m[apify.instagram-profile-scraper runId:RYgkrtOR3spRb3GNG][0m -> 2026-03-29T23:47:03.881Z [32mINFO[39m  System info[90m {"apifyVersion":"3.6.0","apifyClientVersion":"2.22.2","crawleeVersion":"3.16.0","osType":"Linux","nodeVersion":"v22.22.1"}[39m
[36m[apify.instagram-profile-scraper runId:RYgkrtOR3spRb3GNG][0m -> 2026-03-29T23:47:04.056Z [32mINFO[39m  Results Limit [object Object], ACTOR_MAX_PAID_DATASET_ITEMS
[36m[apify.instagram-profile-scraper runId:RYgkrtOR3spRb3GNG][0m -> 2026-03-29T23:47:04.062Z [32mINFO[39m  [Status message]: Starting the scraper with 1 direct URL(s)
[36m[apify.instagram-profile-scraper runId:RYgkrtOR3spRb3GNG][0m -> Status: RUNNING, Message: Starting the crawler.
[36m[apify.instagram-profile-scraper runId:RYgkrtOR3spRb3GNG][0m -> 2026-03-29T23:47:04.195Z [32mINFO[39m [33m CheerioCrawler:[39m Starting the crawler.
[36m[apify.instagram-profile-scraper runId:RYgkrtOR3spRb3GNG][0m -> 2026-03-29T23:47:07.964Z [32mINFO[39m [33m CheerioCrawler:[39m All requests from the queue have been processed, the crawler will shut down.
[36m[apify.instagram-profile-scraper runId:RYgkrtOR3spRb3GNG][0m -> 2026-03-29T23:47:08.080Z [32mINFO[39m [33m CheerioCrawler:[39m Final request statistics:[90m {"requestsFinished":1,"requestsFailed":0,"retryHistogram":[1],"requestAvgFailedDurationMillis":null,"requestAvgFinishedDurationMillis":3762,"requestsFinishedPerMinute":15,"requestsFailedPerMinute":0,"requestTotalDurationMillis":3762,"requestsTotal":1,"crawlerRuntimeMillis":4005}[39m
[36m[apify.instagram-profile-scraper runId:RYgkrtOR3spRb3GNG][0m -> 2026-03-29T23:47:08.081Z [32mINFO[39m [33m CheerioCrawler:[39m Finished! Total 1 requests: 1 succeeded, 0 failed.[90m {"terminal":true}[39m
[36m[apify.instagram-profile-scraper runId:RYgkrtOR3spRb3GNG][0m -> 2026-03-29T23:47:08.082Z [32mINFO[39m  [Status message]: Scraper finished
[36m[apify.instagram-profile-scraper runId:RYgkrtOR3spRb3GNG][0m -> Status: SUCCEEDED, Message: Scraper finished
[2026-03-30 07:47:01] ==================================================
[2026-03-30 07:47:01] 開始 wifevivi_ 自動更新流程
[2026-03-30 07:47:01] ==================================================
[2026-03-30 07:47:01] 已載入資料，目前分析 1 篇貼文
[2026-03-30 07:47:01] 使用 Apify 檢查 wifevivi_ 的新貼文...
[2026-03-30 07:47:15] 找到 1 篇新貼文
[2026-03-30 07:47:15] 發現 1 篇新貼文，開始處理...
[2026-03-30 07:47:15] 部署到 GitHub Pages...
[2026-03-30 07:47:16] ✅ 部署成功
[2026-03-30 07:47:16] ==================================================
[2026-03-30 07:47:16] 更新流程完成
[2026-03-30 07:47:16] ==================================================
[36m[apify.instagram-profile-scraper runId:I3VeGPDd3SNop7LOq][0m -> Status: RUNNING, Message: Starting the scraper with 1 direct URL(s)
[36m[apify.instagram-profile-scraper runId:I3VeGPDd3SNop7LOq][0m -> 2026-03-30T23:47:03.050Z ACTOR: Pulling container image of build AIf7xvwjg39uyRUcq from registry.
[36m[apify.instagram-profile-scraper runId:I3VeGPDd3SNop7LOq][0m -> 2026-03-30T23:47:03.052Z ACTOR: Creating container.
[36m[apify.instagram-profile-scraper runId:I3VeGPDd3SNop7LOq][0m -> 2026-03-30T23:47:03.104Z ACTOR: Starting container.
[36m[apify.instagram-profile-scraper runId:I3VeGPDd3SNop7LOq][0m -> 2026-03-30T23:47:03.105Z ACTOR: Running under "LIMITED_PERMISSIONS" permission level.
[36m[apify.instagram-profile-scraper runId:I3VeGPDd3SNop7LOq][0m -> 2026-03-30T23:47:03.842Z [32mINFO[39m  System info[90m {"apifyVersion":"3.6.0","apifyClientVersion":"2.22.2","crawleeVersion":"3.16.0","osType":"Linux","nodeVersion":"v22.22.1"}[39m
[36m[apify.instagram-profile-scraper runId:I3VeGPDd3SNop7LOq][0m -> 2026-03-30T23:47:03.989Z [32mINFO[39m  Results Limit [object Object], ACTOR_MAX_PAID_DATASET_ITEMS
[36m[apify.instagram-profile-scraper runId:I3VeGPDd3SNop7LOq][0m -> 2026-03-30T23:47:03.997Z [32mINFO[39m  [Status message]: Starting the scraper with 1 direct URL(s)
[36m[apify.instagram-profile-scraper runId:I3VeGPDd3SNop7LOq][0m -> Status: RUNNING, Message: Starting the crawler.
[36m[apify.instagram-profile-scraper runId:I3VeGPDd3SNop7LOq][0m -> 2026-03-30T23:47:04.112Z [32mINFO[39m [33m CheerioCrawler:[39m Starting the crawler.
[36m[apify.instagram-profile-scraper runId:I3VeGPDd3SNop7LOq][0m -> 2026-03-30T23:47:09.896Z [32mINFO[39m [33m CheerioCrawler:[39m All requests from the queue have been processed, the crawler will shut down.
[36m[apify.instagram-profile-scraper runId:I3VeGPDd3SNop7LOq][0m -> 2026-03-30T23:47:09.998Z [32mINFO[39m [33m CheerioCrawler:[39m Final request statistics:[90m {"requestsFinished":1,"requestsFailed":0,"retryHistogram":[1],"requestAvgFailedDurationMillis":null,"requestAvgFinishedDurationMillis":5778,"requestsFinishedPerMinute":10,"requestsFailedPerMinute":0,"requestTotalDurationMillis":5778,"requestsTotal":1,"crawlerRuntimeMillis":5983}[39m
[36m[apify.instagram-profile-scraper runId:I3VeGPDd3SNop7LOq][0m -> 2026-03-30T23:47:09.999Z [32mINFO[39m [33m CheerioCrawler:[39m Finished! Total 1 requests: 1 succeeded, 0 failed.[90m {"terminal":true}[39m
[36m[apify.instagram-profile-scraper runId:I3VeGPDd3SNop7LOq][0m -> 2026-03-30T23:47:10.000Z [32mINFO[39m  [Status message]: Scraper finished
[36m[apify.instagram-profile-scraper runId:I3VeGPDd3SNop7LOq][0m -> Status: SUCCEEDED, Message: Finished! Total 1 requests: 1 succeeded, 0 failed.
