[2026-03-13 08:00:01] ==================================================
[2026-03-13 08:00:01] 開始 wifevivi_ 自動更新流程
[2026-03-13 08:00:01] ==================================================
[2026-03-13 08:00:01] 已載入資料，目前分析 1 篇貼文
[2026-03-13 08:00:01] 使用 Apify 檢查 wifevivi_ 的新貼文...
[2026-03-13 08:00:22] 找到 1 篇新貼文
[2026-03-13 08:00:22] 發現 1 篇新貼文，開始處理...
[2026-03-13 08:00:22] 部署到 GitHub Pages...
[2026-03-13 08:00:23] ✅ 部署成功
[2026-03-13 08:00:23] ==================================================
[2026-03-13 08:00:23] 更新流程完成
[2026-03-13 08:00:23] ==================================================
[2026-03-14 08:00:01] ==================================================
[2026-03-14 08:00:01] 開始 wifevivi_ 自動更新流程
[2026-03-14 08:00:01] ==================================================
[2026-03-14 08:00:01] 已載入資料，目前分析 1 篇貼文
[2026-03-14 08:00:01] 使用 Apify 檢查 wifevivi_ 的新貼文...
[2026-03-14 08:00:14] 找到 1 篇新貼文
[2026-03-14 08:00:14] 發現 1 篇新貼文，開始處理...
[2026-03-14 08:00:14] 部署到 GitHub Pages...
[2026-03-14 08:00:15] ✅ 部署成功
[2026-03-14 08:00:15] ==================================================
[2026-03-14 08:00:15] 更新流程完成
[2026-03-14 08:00:15] ==================================================
[2026-03-15 08:00:01] ==================================================
[2026-03-15 08:00:01] 開始 wifevivi_ 自動更新流程
[2026-03-15 08:00:01] ==================================================
[2026-03-15 08:00:01] 已載入資料，目前分析 1 篇貼文
[2026-03-15 08:00:01] 使用 Apify 檢查 wifevivi_ 的新貼文...
[2026-03-15 08:00:15] 找到 1 篇新貼文
[2026-03-15 08:00:15] 發現 1 篇新貼文，開始處理...
[2026-03-15 08:00:15] 部署到 GitHub Pages...
